<?xml version="1.0" encoding="UTF-8"?>
<testng-results ignored="0" total="1" passed="1" failed="0" skipped="0">
  <reporter-output>
  </reporter-output>
  <suite started-at="2022-01-07T11:23:00Z" name="Default suite" finished-at="2022-01-07T11:23:37Z" duration-ms="36808">
    <groups>
      <group name="cucumber">
        <method signature="AbstractTestNGCucumberTests.runScenario(io.cucumber.testng.PickleWrapper, io.cucumber.testng.FeatureWrapper)[pri:0, instance:Runnerclass.ParallelRunner@181e731e]" name="runScenario" class="io.cucumber.testng.AbstractTestNGCucumberTests"/>
      </group> <!-- cucumber -->
    </groups>
    <test started-at="2022-01-07T11:23:00Z" name="Default test" finished-at="2022-01-07T11:23:37Z" duration-ms="36808">
      <class name="Runnerclass.ParallelRunner">
        <test-method is-config="true" signature="setUpClass(org.testng.ITestContext)[pri:0, instance:Runnerclass.ParallelRunner@181e731e]" started-at="2022-01-07T11:23:00Z" name="setUpClass" finished-at="2022-01-07T11:23:01Z" duration-ms="1022" status="PASS">
          <params>
            <param index="0">
              <value>
                <![CDATA[org.testng.TestRunner@18e69455]]>
              </value>
            </param>
          </params>
          <reporter-output>
          </reporter-output>
        </test-method> <!-- setUpClass -->
        <test-method signature="runScenario(io.cucumber.testng.PickleWrapper, io.cucumber.testng.FeatureWrapper)[pri:0, instance:Runnerclass.ParallelRunner@181e731e]" started-at="2022-01-07T11:23:01Z" name="runScenario" description="Runs Cucumber Scenarios" data-provider="scenarios" finished-at="2022-01-07T11:23:34Z" duration-ms="32681" status="PASS">
          <params>
            <param index="0">
              <value>
                <![CDATA["Employer Registration"]]>
              </value>
            </param>
            <param index="1">
              <value>
                <![CDATA["Optional[Wage Submission]"]]>
              </value>
            </param>
          </params>
          <reporter-output>
          </reporter-output>
        </test-method> <!-- runScenario -->
        <test-method is-config="true" signature="tearDownClass()[pri:0, instance:Runnerclass.ParallelRunner@181e731e]" started-at="2022-01-07T11:23:34Z" name="tearDownClass" finished-at="2022-01-07T11:23:37Z" duration-ms="3084" status="PASS">
          <reporter-output>
          </reporter-output>
        </test-method> <!-- tearDownClass -->
      </class> <!-- Runnerclass.ParallelRunner -->
    </test> <!-- Default test -->
  </suite> <!-- Default suite -->
</testng-results>
